<?xml version="1.0" encoding="UTF-8"?>
<!-- Generated by org.testng.reporters.JUnitReportReporter -->
<testsuite hostname="DESKTOP-3UC057L" failures="0" tests="1" name="test.comitexps.com.CalulatorTest" time="0.011" errors="0" timestamp="24 Aug 2024 17:08:17 GMT">
  <testcase classname="test.comitexps.com.CalulatorTest" name="testAdd" time="0.011"/>
</testsuite> <!-- test.comitexps.com.CalulatorTest -->
